64558:M 24 Jun 16:04:02.289 * Increased maximum number of open files to 10032 (it was originally set to 7168).
                _._                                                  
           _.-``__ ''-._                                             
      _.-``    `.  `_.  ''-._           Redis 3.0.6 (00000000/1) 64 bit
  .-`` .-```.  ```\/    _.,_ ''-._                                   
 (    '      ,       .-`  | `,    )     Running in standalone mode
 |`-._`-...-` __...-.``-._|'` _.-'|     Port: 6379
 |    `-._   `._    /     _.-'    |     PID: 64558
  `-._    `-._  `-./  _.-'    _.-'                                   
 |`-._`-._    `-.__.-'    _.-'_.-'|                                  
 |    `-._`-._        _.-'_.-'    |           http://redis.io        
  `-._    `-._`-.__.-'_.-'    _.-'                                   
 |`-._`-._    `-.__.-'    _.-'_.-'|                                  
 |    `-._`-._        _.-'_.-'    |                                  
  `-._    `-._`-.__.-'_.-'    _.-'                                   
      `-._    `-.__.-'    _.-'                                       
          `-._        _.-'                                           
              `-.__.-'                                               

64558:M 24 Jun 16:04:02.291 # Server started, Redis version 3.0.6
64558:M 24 Jun 16:04:02.292 * DB loaded from disk: 0.000 seconds
64558:M 24 Jun 16:04:02.292 * The server is now ready to accept connections on port 6379
4795:M 27 Jun 19:42:42.759 * Increased maximum number of open files to 10032 (it was originally set to 7168).
                _._                                                  
           _.-``__ ''-._                                             
      _.-``    `.  `_.  ''-._           Redis 3.0.6 (00000000/1) 64 bit
  .-`` .-```.  ```\/    _.,_ ''-._                                   
 (    '      ,       .-`  | `,    )     Running in standalone mode
 |`-._`-...-` __...-.``-._|'` _.-'|     Port: 6379
 |    `-._   `._    /     _.-'    |     PID: 4795
  `-._    `-._  `-./  _.-'    _.-'                                   
 |`-._`-._    `-.__.-'    _.-'_.-'|                                  
 |    `-._`-._        _.-'_.-'    |           http://redis.io        
  `-._    `-._`-.__.-'_.-'    _.-'                                   
 |`-._`-._    `-.__.-'    _.-'_.-'|                                  
 |    `-._`-._        _.-'_.-'    |                                  
  `-._    `-._`-.__.-'_.-'    _.-'                                   
      `-._    `-.__.-'    _.-'                                       
          `-._        _.-'                                           
              `-.__.-'                                               

4795:M 27 Jun 19:42:42.766 # Server started, Redis version 3.0.6
4795:M 27 Jun 19:42:42.767 * DB loaded from disk: 0.001 seconds
4795:M 27 Jun 19:42:42.767 * The server is now ready to accept connections on port 6379
4795:signal-handler (1498739811) Received SIGTERM scheduling shutdown...
4795:M 29 Jun 20:36:51.679 # User requested shutdown...
4795:M 29 Jun 20:36:51.679 * Saving the final RDB snapshot before exiting.
4795:M 29 Jun 20:36:51.681 * DB saved on disk
4795:M 29 Jun 20:36:51.681 * Removing the pid file.
4795:M 29 Jun 20:36:51.682 # Redis is now ready to exit, bye bye...
